<?xml version="1.0" encoding="UTF-8"?>
<!-- Generated by org.testng.reporters.JUnitReportReporter -->
<testsuite hostname="LAPTOP-2OUN1P1V" name="pom.Test_login" tests="1" failures="0" timestamp="22 Dec 2019 07:00:05 GMT" time="34.804" errors="0">
  <testcase name="test_login" time="34.804" classname="pom.Test_login"/>
</testsuite> <!-- pom.Test_login -->
