<?xml version="1.0" encoding="UTF-8"?>
<!-- Generated by org.testng.reporters.JUnitReportReporter -->
<testsuite hostname="LAPTOP-2OUN1P1V" name="test_scripts.Jobsearch" tests="1" failures="0" timestamp="7 Jan 2020 18:02:08 GMT" time="61.311" errors="0">
  <testcase name="clicklogin" time="61.311" classname="test_scripts.Jobsearch"/>
</testsuite> <!-- test_scripts.Jobsearch -->
