<?xml version="1.0" encoding="UTF-8"?>
<!-- Generated by org.testng.reporters.JUnitReportReporter -->
<testsuite hostname="LAPTOP-2OUN1P1V" name="testng.Demo2" tests="1" failures="0" timestamp="7 Jan 2020 13:36:06 GMT" time="0.000" errors="0">
  <testcase name="test2" time="0.000" classname="testng.Demo2"/>
</testsuite> <!-- testng.Demo2 -->
