<?xml version="1.0" encoding="UTF-8"?>
<!-- Generated by org.testng.reporters.JUnitReportReporter -->
<testsuite hostname="LAPTOP-2OUN1P1V" name="test_scripts.Gmail_compose" tests="1" failures="0" timestamp="12 Jan 2020 06:36:54 GMT" time="22.787" errors="0">
  <testcase name="testLogin" time="22.787" classname="test_scripts.Gmail_compose"/>
</testsuite> <!-- test_scripts.Gmail_compose -->
