<?xml version="1.0" encoding="UTF-8"?>
<!-- Generated by org.testng.reporters.JUnitReportReporter -->
<testsuite hostname="LAPTOP-2OUN1P1V" name="test_scripts.Gmail_login_logout" tests="1" failures="0" timestamp="28 Dec 2019 08:14:42 GMT" time="20.529" errors="0">
  <testcase name="testLogin" time="20.529" classname="test_scripts.Gmail_login_logout"/>
</testsuite> <!-- test_scripts.Gmail_login_logout -->
